# JRE version: Java(TM) SE Runtime Environment (8.0_25-b18) (build 1.8.0_25-b18)
# Java VM: Java HotSpot(TM) 64-Bit Server VM (25.25-b02 mixed mode windows-amd64 compressed oops)
Heap:
 PSYoungGen      total 71680K, used 15266K [0x00000000eab00000, 0x00000000f1800000, 0x0000000100000000)
  eden space 62976K, 13% used [0x00000000eab00000,0x00000000eb394f30,0x00000000ee880000)
  from space 8704K, 74% used [0x00000000ee880000,0x00000000eeed3950,0x00000000ef100000)
  to   space 9216K, 0% used [0x00000000f0f00000,0x00000000f0f00000,0x00000000f1800000)
 ParOldGen       total 41472K, used 12176K [0x00000000c0000000, 0x00000000c2880000, 0x00000000eab00000)
  object space 41472K, 29% used [0x00000000c0000000,0x00000000c0be4230,0x00000000c2880000)
 Metaspace       used 26000K, capacity 26356K, committed 26624K, reserved 1073152K
  class space    used 3663K, capacity 3756K, committed 3840K, reserved 1048576K
GC Heap History (10 events):
Event: 1.406 GC heap before
{Heap before GC invocations=4 (full 0):
 PSYoungGen      total 18432K, used 18416K [0x00000000eab00000, 0x00000000ecf00000, 0x0000000100000000)
  eden space 15872K, 100% used [0x00000000eab00000,0x00000000eba80000,0x00000000eba80000)
  from space 2560K, 99% used [0x00000000eba80000,0x00000000ebcfc010,0x00000000ebd00000)
  to   space 2560K, 0% used [0x00000000ecc80000,0x00000000ecc80000,0x00000000ecf00000)
 ParOldGen       total 42496K, used 1823K [0x00000000c0000000, 0x00000000c2980000, 0x00000000eab00000)
  object space 42496K, 4% used [0x00000000c0000000,0x00000000c01c7cd0,0x00000000c2980000)
 Metaspace       used 12076K, capacity 12348K, committed 12544K, reserved 1060864K
  class space    used 1661K, capacity 1742K, committed 1792K, reserved 1048576K
Event: 1.412 GC heap after
Heap after GC invocations=4 (full 0):
 PSYoungGen      total 34304K, used 2560K [0x00000000eab00000, 0x00000000ecf00000, 0x0000000100000000)
  eden space 31744K, 0% used [0x00000000eab00000,0x00000000eab00000,0x00000000eca00000)
  from space 2560K, 100% used [0x00000000ecc80000,0x00000000ecf00000,0x00000000ecf00000)
  to   space 2560K, 0% used [0x00000000eca00000,0x00000000eca00000,0x00000000ecc80000)
 ParOldGen       total 42496K, used 3543K [0x00000000c0000000, 0x00000000c2980000, 0x00000000eab00000)
  object space 42496K, 8% used [0x00000000c0000000,0x00000000c0375f30,0x00000000c2980000)
 Metaspace       used 12076K, capacity 12348K, committed 12544K, reserved 1060864K
  class space    used 1661K, capacity 1742K, committed 1792K, reserved 1048576K
}
Event: 2.213 GC heap before
{Heap before GC invocations=5 (full 0):
 PSYoungGen      total 34304K, used 34304K [0x00000000eab00000, 0x00000000ecf00000, 0x0000000100000000)
  eden space 31744K, 100% used [0x00000000eab00000,0x00000000eca00000,0x00000000eca00000)
  from space 2560K, 100% used [0x00000000ecc80000,0x00000000ecf00000,0x00000000ecf00000)
  to   space 2560K, 0% used [0x00000000eca00000,0x00000000eca00000,0x00000000ecc80000)
 ParOldGen       total 42496K, used 3543K [0x00000000c0000000, 0x00000000c2980000, 0x00000000eab00000)
  object space 42496K, 8% used [0x00000000c0000000,0x00000000c0375f30,0x00000000c2980000)
 Metaspace       used 18004K, capacity 18364K, committed 18560K, reserved 1064960K
  class space    used 2458K, capacity 2574K, committed 2688K, reserved 1048576K
Event: 2.225 GC heap after
Heap after GC invocations=5 (full 0):
 PSYoungGen      total 34304K, used 2544K [0x00000000eab00000, 0x00000000ef900000, 0x0000000100000000)
  eden space 31744K, 0% used [0x00000000eab00000,0x00000000eab00000,0x00000000eca00000)
  from space 2560K, 99% used [0x00000000eca00000,0x00000000ecc7c010,0x00000000ecc80000)
  to   space 8192K, 0% used [0x00000000ef100000,0x00000000ef100000,0x00000000ef900000)
 ParOldGen       total 42496K, used 9498K [0x00000000c0000000, 0x00000000c2980000, 0x00000000eab00000)
  object space 42496K, 22% used [0x00000000c0000000,0x00000000c0946ac0,0x00000000c2980000)
 Metaspace       used 18004K, capacity 18364K, committed 18560K, reserved 1064960K
  class space    used 2458K, capacity 2574K, committed 2688K, reserved 1048576K
}
Event: 3.009 GC heap before
{Heap before GC invocations=6 (full 0):
 PSYoungGen      total 34304K, used 32389K [0x00000000eab00000, 0x00000000ef900000, 0x0000000100000000)
  eden space 31744K, 94% used [0x00000000eab00000,0x00000000ec825618,0x00000000eca00000)
  from space 2560K, 99% used [0x00000000eca00000,0x00000000ecc7c010,0x00000000ecc80000)
  to   space 8192K, 0% used [0x00000000ef100000,0x00000000ef100000,0x00000000ef900000)
 ParOldGen       total 42496K, used 9498K [0x00000000c0000000, 0x00000000c2980000, 0x00000000eab00000)
  object space 42496K, 22% used [0x00000000c0000000,0x00000000c0946ac0,0x00000000c2980000)
 Metaspace       used 20950K, capacity 21236K, committed 21296K, reserved 1067008K
  class space    used 2831K, capacity 2933K, committed 2944K, reserved 1048576K
Event: 3.023 GC heap after
Heap after GC invocations=6 (full 0):
 PSYoungGen      total 71168K, used 6193K [0x00000000eab00000, 0x00000000efa00000, 0x0000000100000000)
  eden space 62976K, 0% used [0x00000000eab00000,0x00000000eab00000,0x00000000ee880000)
  from space 8192K, 75% used [0x00000000ef100000,0x00000000ef70c4f8,0x00000000ef900000)
  to   space 8704K, 0% used [0x00000000ee880000,0x00000000ee880000,0x00000000ef100000)
 ParOldGen       total 42496K, used 9498K [0x00000000c0000000, 0x00000000c2980000, 0x00000000eab00000)
  object space 42496K, 22% used [0x00000000c0000000,0x00000000c0946ac0,0x00000000c2980000)
 Metaspace       used 20950K, capacity 21236K, committed 21296K, reserved 1067008K
  class space    used 2831K, capacity 2933K, committed 2944K, reserved 1048576K
}
Event: 3.023 GC heap before
{Heap before GC invocations=7 (full 1):
 PSYoungGen      total 71168K, used 6193K [0x00000000eab00000, 0x00000000efa00000, 0x0000000100000000)
  eden space 62976K, 0% used [0x00000000eab00000,0x00000000eab00000,0x00000000ee880000)
  from space 8192K, 75% used [0x00000000ef100000,0x00000000ef70c4f8,0x00000000ef900000)
  to   space 8704K, 0% used [0x00000000ee880000,0x00000000ee880000,0x00000000ef100000)
 ParOldGen       total 42496K, used 9498K [0x00000000c0000000, 0x00000000c2980000, 0x00000000eab00000)
  object space 42496K, 22% used [0x00000000c0000000,0x00000000c0946ac0,0x00000000c2980000)
 Metaspace       used 20950K, capacity 21236K, committed 21296K, reserved 1067008K
  class space    used 2831K, capacity 2933K, committed 2944K, reserved 1048576K
Event: 3.067 GC heap after
Heap after GC invocations=7 (full 1):
 PSYoungGen      total 71168K, used 0K [0x00000000eab00000, 0x00000000efa00000, 0x0000000100000000)
  eden space 62976K, 0% used [0x00000000eab00000,0x00000000eab00000,0x00000000ee880000)
  from space 8192K, 0% used [0x00000000ef100000,0x00000000ef100000,0x00000000ef900000)
  to   space 8704K, 0% used [0x00000000ee880000,0x00000000ee880000,0x00000000ef100000)
 ParOldGen       total 41472K, used 12168K [0x00000000c0000000, 0x00000000c2880000, 0x00000000eab00000)
  object space 41472K, 29% used [0x00000000c0000000,0x00000000c0be2230,0x00000000c2880000)
 Metaspace       used 20948K, capacity 21234K, committed 21296K, reserved 1067008K
  class space    used 2830K, capacity 2932K, committed 2944K, reserved 1048576K
}
Event: 4.226 GC heap before
{Heap before GC invocations=8 (full 1):
 PSYoungGen      total 71168K, used 62976K [0x00000000eab00000, 0x00000000efa00000, 0x0000000100000000)
  eden space 62976K, 100% used [0x00000000eab00000,0x00000000ee880000,0x00000000ee880000)
  from space 8192K, 0% used [0x00000000ef100000,0x00000000ef100000,0x00000000ef900000)
  to   space 8704K, 0% used [0x00000000ee880000,0x00000000ee880000,0x00000000ef100000)
 ParOldGen       total 41472K, used 12168K [0x00000000c0000000, 0x00000000c2880000, 0x00000000eab00000)
  object space 41472K, 29% used [0x00000000c0000000,0x00000000c0be2230,0x00000000c2880000)
 Metaspace       used 25297K, capacity 25652K, committed 25984K, reserved 1071104K
  class space    used 3559K, capacity 3628K, committed 3712K, reserved 1048576K
Event: 4.234 GC heap after
Heap after GC invocations=8 (full 1):
 PSYoungGen      total 71680K, used 6478K [0x00000000eab00000, 0x00000000f1800000, 0x0000000100000000)
  eden space 62976K, 0% used [0x00000000eab00000,0x00000000eab00000,0x00000000ee880000)
  from space 8704K, 74% used [0x00000000ee880000,0x00000000eeed3950,0x00000000ef100000)
  to   space 9216K, 0% used [0x00000000f0f00000,0x00000000f0f00000,0x00000000f1800000)
 ParOldGen       total 41472K, used 12176K [0x00000000c0000000, 0x00000000c2880000, 0x00000000eab00000)
  object space 41472K, 29% used [0x00000000c0000000,0x00000000c0be4230,0x00000000c2880000)
 Metaspace       used 25297K, capacity 25652K, committed 25984K, reserved 1071104K
  class space    used 3559K, capacity 3628K, committed 3712K, reserved 1048576K
}

