# JRE version: Java(TM) SE Runtime Environment (8.0_25-b18) (build 1.8.0_25-b18)
# Java VM: Java HotSpot(TM) 64-Bit Server VM (25.25-b02 mixed mode windows-amd64 compressed oops)
Heap:
 PSYoungGen      total 162816K, used 28900K [0x00000000eab00000, 0x00000000f9680000, 0x0000000100000000)
  eden space 148480K, 9% used [0x00000000eab00000,0x00000000eb93a648,0x00000000f3c00000)
  from space 14336K, 99% used [0x00000000f3c00000,0x00000000f49feb18,0x00000000f4a00000)
  to   space 18432K, 0% used [0x00000000f8480000,0x00000000f8480000,0x00000000f9680000)
 ParOldGen       total 62976K, used 35801K [0x00000000c0000000, 0x00000000c3d80000, 0x00000000eab00000)
  object space 62976K, 56% used [0x00000000c0000000,0x00000000c22f6748,0x00000000c3d80000)
 Metaspace       used 42793K, capacity 44347K, committed 44584K, reserved 1087488K
  class space    used 5823K, capacity 6395K, committed 6440K, reserved 1048576K
GC Heap History (10 events):
Event: 6.399 GC heap before
{Heap before GC invocations=11 (full 1):
 PSYoungGen      total 70144K, used 70142K [0x00000000eab00000, 0x00000000f1b00000, 0x0000000100000000)
  eden space 63488K, 100% used [0x00000000eab00000,0x00000000ee900000,0x00000000ee900000)
  from space 6656K, 99% used [0x00000000ee900000,0x00000000eef7fa30,0x00000000eef80000)
  to   space 7680K, 0% used [0x00000000f1380000,0x00000000f1380000,0x00000000f1b00000)
 ParOldGen       total 27648K, used 7303K [0x00000000c0000000, 0x00000000c1b00000, 0x00000000eab00000)
  object space 27648K, 26% used [0x00000000c0000000,0x00000000c0721e48,0x00000000c1b00000)
 Metaspace       used 29376K, capacity 30184K, committed 30464K, reserved 1075200K
  class space    used 3951K, capacity 4233K, committed 4352K, reserved 1048576K
Event: 6.412 GC heap after
Heap after GC invocations=11 (full 1):
 PSYoungGen      total 104960K, used 7648K [0x00000000eab00000, 0x00000000f1e00000, 0x0000000100000000)
  eden space 97280K, 0% used [0x00000000eab00000,0x00000000eab00000,0x00000000f0a00000)
  from space 7680K, 99% used [0x00000000f1380000,0x00000000f1af8020,0x00000000f1b00000)
  to   space 9728K, 0% used [0x00000000f0a00000,0x00000000f0a00000,0x00000000f1380000)
 ParOldGen       total 27648K, used 10054K [0x00000000c0000000, 0x00000000c1b00000, 0x00000000eab00000)
  object space 27648K, 36% used [0x00000000c0000000,0x00000000c09d1af8,0x00000000c1b00000)
 Metaspace       used 29376K, capacity 30184K, committed 30464K, reserved 1075200K
  class space    used 3951K, capacity 4233K, committed 4352K, reserved 1048576K
}
Event: 7.744 GC heap before
{Heap before GC invocations=12 (full 1):
 PSYoungGen      total 104960K, used 104928K [0x00000000eab00000, 0x00000000f1e00000, 0x0000000100000000)
  eden space 97280K, 100% used [0x00000000eab00000,0x00000000f0a00000,0x00000000f0a00000)
  from space 7680K, 99% used [0x00000000f1380000,0x00000000f1af8020,0x00000000f1b00000)
  to   space 9728K, 0% used [0x00000000f0a00000,0x00000000f0a00000,0x00000000f1380000)
 ParOldGen       total 27648K, used 10054K [0x00000000c0000000, 0x00000000c1b00000, 0x00000000eab00000)
  object space 27648K, 36% used [0x00000000c0000000,0x00000000c09d1af8,0x00000000c1b00000)
 Metaspace       used 32390K, capacity 33560K, committed 33664K, reserved 1077248K
  class space    used 4459K, capacity 4924K, committed 4992K, reserved 1048576K
Event: 7.772 GC heap after
Heap after GC invocations=12 (full 1):
 PSYoungGen      total 107008K, used 9728K [0x00000000eab00000, 0x00000000f5980000, 0x0000000100000000)
  eden space 97280K, 0% used [0x00000000eab00000,0x00000000eab00000,0x00000000f0a00000)
  from space 9728K, 100% used [0x00000000f0a00000,0x00000000f1380000,0x00000000f1380000)
  to   space 14848K, 0% used [0x00000000f4b00000,0x00000000f4b00000,0x00000000f5980000)
 ParOldGen       total 27648K, used 20437K [0x00000000c0000000, 0x00000000c1b00000, 0x00000000eab00000)
  object space 27648K, 73% used [0x00000000c0000000,0x00000000c13f54a8,0x00000000c1b00000)
 Metaspace       used 32390K, capacity 33560K, committed 33664K, reserved 1077248K
  class space    used 4459K, capacity 4924K, committed 4992K, reserved 1048576K
}
Event: 8.340 GC heap before
{Heap before GC invocations=13 (full 1):
 PSYoungGen      total 107008K, used 71993K [0x00000000eab00000, 0x00000000f5980000, 0x0000000100000000)
  eden space 97280K, 64% used [0x00000000eab00000,0x00000000ee7ce648,0x00000000f0a00000)
  from space 9728K, 100% used [0x00000000f0a00000,0x00000000f1380000,0x00000000f1380000)
  to   space 14848K, 0% used [0x00000000f4b00000,0x00000000f4b00000,0x00000000f5980000)
 ParOldGen       total 27648K, used 20437K [0x00000000c0000000, 0x00000000c1b00000, 0x00000000eab00000)
  object space 27648K, 73% used [0x00000000c0000000,0x00000000c13f54a8,0x00000000c1b00000)
 Metaspace       used 34168K, capacity 35486K, committed 35496K, reserved 1079296K
  class space    used 4771K, capacity 5282K, committed 5288K, reserved 1048576K
Event: 8.371 GC heap after
Heap after GC invocations=13 (full 1):
 PSYoungGen      total 161792K, used 7672K [0x00000000eab00000, 0x00000000f5800000, 0x0000000100000000)
  eden space 148480K, 0% used [0x00000000eab00000,0x00000000eab00000,0x00000000f3c00000)
  from space 13312K, 57% used [0x00000000f4b00000,0x00000000f527e348,0x00000000f5800000)
  to   space 14336K, 0% used [0x00000000f3c00000,0x00000000f3c00000,0x00000000f4a00000)
 ParOldGen       total 30720K, used 30205K [0x00000000c0000000, 0x00000000c1e00000, 0x00000000eab00000)
  object space 30720K, 98% used [0x00000000c0000000,0x00000000c1d7f598,0x00000000c1e00000)
 Metaspace       used 34168K, capacity 35486K, committed 35496K, reserved 1079296K
  class space    used 4771K, capacity 5282K, committed 5288K, reserved 1048576K
}
Event: 8.371 GC heap before
{Heap before GC invocations=14 (full 2):
 PSYoungGen      total 161792K, used 7672K [0x00000000eab00000, 0x00000000f5800000, 0x0000000100000000)
  eden space 148480K, 0% used [0x00000000eab00000,0x00000000eab00000,0x00000000f3c00000)
  from space 13312K, 57% used [0x00000000f4b00000,0x00000000f527e348,0x00000000f5800000)
  to   space 14336K, 0% used [0x00000000f3c00000,0x00000000f3c00000,0x00000000f4a00000)
 ParOldGen       total 30720K, used 30205K [0x00000000c0000000, 0x00000000c1e00000, 0x00000000eab00000)
  object space 30720K, 98% used [0x00000000c0000000,0x00000000c1d7f598,0x00000000c1e00000)
 Metaspace       used 34168K, capacity 35486K, committed 35496K, reserved 1079296K
  class space    used 4771K, capacity 5282K, committed 5288K, reserved 1048576K
Event: 8.616 GC heap after
Heap after GC invocations=14 (full 2):
 PSYoungGen      total 161792K, used 2396K [0x00000000eab00000, 0x00000000f5800000, 0x0000000100000000)
  eden space 148480K, 0% used [0x00000000eab00000,0x00000000eab00000,0x00000000f3c00000)
  from space 13312K, 18% used [0x00000000f4b00000,0x00000000f4d57350,0x00000000f5800000)
  to   space 14336K, 0% used [0x00000000f3c00000,0x00000000f3c00000,0x00000000f4a00000)
 ParOldGen       total 62976K, used 30709K [0x00000000c0000000, 0x00000000c3d80000, 0x00000000eab00000)
  object space 62976K, 48% used [0x00000000c0000000,0x00000000c1dfd5c0,0x00000000c3d80000)
 Metaspace       used 34168K, capacity 35486K, committed 35496K, reserved 1079296K
  class space    used 4771K, capacity 5282K, committed 5288K, reserved 1048576K
}
Event: 11.518 GC heap before
{Heap before GC invocations=15 (full 2):
 PSYoungGen      total 161792K, used 150876K [0x00000000eab00000, 0x00000000f5800000, 0x0000000100000000)
  eden space 148480K, 100% used [0x00000000eab00000,0x00000000f3c00000,0x00000000f3c00000)
  from space 13312K, 18% used [0x00000000f4b00000,0x00000000f4d57350,0x00000000f5800000)
  to   space 14336K, 0% used [0x00000000f3c00000,0x00000000f3c00000,0x00000000f4a00000)
 ParOldGen       total 62976K, used 30709K [0x00000000c0000000, 0x00000000c3d80000, 0x00000000eab00000)
  object space 62976K, 48% used [0x00000000c0000000,0x00000000c1dfd5c0,0x00000000c3d80000)
 Metaspace       used 42647K, capacity 44207K, committed 44328K, reserved 1087488K
  class space    used 5807K, capacity 6393K, committed 6440K, reserved 1048576K
Event: 11.624 GC heap after
Heap after GC invocations=15 (full 2):
 PSYoungGen      total 162816K, used 14330K [0x00000000eab00000, 0x00000000f9680000, 0x0000000100000000)
  eden space 148480K, 0% used [0x00000000eab00000,0x00000000eab00000,0x00000000f3c00000)
  from space 14336K, 99% used [0x00000000f3c00000,0x00000000f49feb18,0x00000000f4a00000)
  to   space 18432K, 0% used [0x00000000f8480000,0x00000000f8480000,0x00000000f9680000)
 ParOldGen       total 62976K, used 35801K [0x00000000c0000000, 0x00000000c3d80000, 0x00000000eab00000)
  object space 62976K, 56% used [0x00000000c0000000,0x00000000c22f6748,0x00000000c3d80000)
 Metaspace       used 42647K, capacity 44207K, committed 44328K, reserved 1087488K
  class space    used 5807K, capacity 6393K, committed 6440K, reserved 1048576K
}

